  WritePixels.cpp
c:\uofc\cpsc453\gfx---4\asg4vistudio\raytracer\raytracer\material.h(47): warning C4305: 'argument': truncation from 'double' to 'float'
  Scene.cpp
c:\uofc\cpsc453\gfx---4\asg4vistudio\raytracer\raytracer\material.h(47): warning C4305: 'argument': truncation from 'double' to 'float'
c:\uofc\cpsc453\gfx---4\asg4vistudio\raytracer\raytracer\scene.cpp(90): warning C4305: 'argument': truncation from 'double' to 'float'
c:\uofc\cpsc453\gfx---4\asg4vistudio\raytracer\raytracer\scene.cpp(99): warning C4305: 'argument': truncation from 'double' to 'float'
c:\uofc\cpsc453\gfx---4\asg4vistudio\raytracer\raytracer\scene.cpp(100): warning C4305: 'argument': truncation from 'double' to 'float'
c:\uofc\cpsc453\gfx---4\asg4vistudio\raytracer\raytracer\scene.cpp(101): warning C4305: 'argument': truncation from 'double' to 'float'
c:\uofc\cpsc453\gfx---4\asg4vistudio\raytracer\raytracer\scene.cpp(110): warning C4305: 'argument': truncation from 'double' to 'float'
c:\uofc\cpsc453\gfx---4\asg4vistudio\raytracer\raytracer\scene.cpp(111): warning C4305: 'argument': truncation from 'double' to 'float'
c:\uofc\cpsc453\gfx---4\asg4vistudio\raytracer\raytracer\scene.cpp(112): warning C4305: 'argument': truncation from 'double' to 'float'
c:\uofc\cpsc453\gfx---4\asg4vistudio\raytracer\raytracer\scene.cpp(120): warning C4305: 'argument': truncation from 'double' to 'float'
c:\uofc\cpsc453\gfx---4\asg4vistudio\raytracer\raytracer\scene.cpp(121): warning C4305: 'argument': truncation from 'double' to 'float'
c:\uofc\cpsc453\gfx---4\asg4vistudio\raytracer\raytracer\scene.cpp(130): warning C4305: 'argument': truncation from 'double' to 'float'
c:\uofc\cpsc453\gfx---4\asg4vistudio\raytracer\raytracer\scene.cpp(131): warning C4305: 'argument': truncation from 'double' to 'float'
c:\uofc\cpsc453\gfx---4\asg4vistudio\raytracer\raytracer\scene.cpp(132): warning C4305: 'argument': truncation from 'double' to 'float'
c:\uofc\cpsc453\gfx---4\asg4vistudio\raytracer\raytracer\scene.cpp(140): warning C4305: 'argument': truncation from 'double' to 'float'
c:\uofc\cpsc453\gfx---4\asg4vistudio\raytracer\raytracer\scene.cpp(141): warning C4305: 'argument': truncation from 'double' to 'float'
c:\uofc\cpsc453\gfx---4\asg4vistudio\raytracer\raytracer\scene.cpp(142): warning C4305: 'argument': truncation from 'double' to 'float'
c:\uofc\cpsc453\gfx---4\asg4vistudio\raytracer\raytracer\scene.cpp(160): warning C4305: 'argument': truncation from 'double' to 'float'
c:\uofc\cpsc453\gfx---4\asg4vistudio\raytracer\raytracer\scene.cpp(162): warning C4305: 'argument': truncation from 'double' to 'float'
c:\uofc\cpsc453\gfx---4\asg4vistudio\raytracer\raytracer\scene.cpp(335): warning C4305: 'argument': truncation from 'double' to 'float'
c:\uofc\cpsc453\gfx---4\asg4vistudio\raytracer\raytracer\scene.cpp(336): warning C4305: 'argument': truncation from 'double' to 'float'
c:\uofc\cpsc453\gfx---4\asg4vistudio\raytracer\raytracer\scene.cpp(344): warning C4305: 'argument': truncation from 'double' to 'float'
c:\uofc\cpsc453\gfx---4\asg4vistudio\raytracer\raytracer\scene.cpp(345): warning C4305: 'argument': truncation from 'double' to 'float'
c:\uofc\cpsc453\gfx---4\asg4vistudio\raytracer\raytracer\scene.cpp(353): warning C4305: 'argument': truncation from 'double' to 'float'
c:\uofc\cpsc453\gfx---4\asg4vistudio\raytracer\raytracer\scene.cpp(354): warning C4305: 'argument': truncation from 'double' to 'float'
c:\uofc\cpsc453\gfx---4\asg4vistudio\raytracer\raytracer\scene.cpp(355): warning C4305: 'argument': truncation from 'double' to 'float'
c:\uofc\cpsc453\gfx---4\asg4vistudio\raytracer\raytracer\scene.cpp(362): warning C4305: 'argument': truncation from 'double' to 'float'
c:\uofc\cpsc453\gfx---4\asg4vistudio\raytracer\raytracer\scene.cpp(363): warning C4305: 'argument': truncation from 'double' to 'float'
c:\uofc\cpsc453\gfx---4\asg4vistudio\raytracer\raytracer\scene.cpp(364): warning C4305: 'argument': truncation from 'double' to 'float'
c:\uofc\cpsc453\gfx---4\asg4vistudio\raytracer\raytracer\scene.cpp(380): warning C4305: 'argument': truncation from 'double' to 'float'
c:\uofc\cpsc453\gfx---4\asg4vistudio\raytracer\raytracer\scene.cpp(382): warning C4305: 'argument': truncation from 'double' to 'float'
  RayTracer.cpp
c:\uofc\cpsc453\gfx---4\asg4vistudio\raytracer\raytracer\material.h(47): warning C4305: 'argument': truncation from 'double' to 'float'
  Object.cpp
c:\uofc\cpsc453\gfx---4\asg4vistudio\raytracer\raytracer\material.h(47): warning C4305: 'argument': truncation from 'double' to 'float'
  Geometry.cpp
  Color.cpp
c:\uofc\cpsc453\gfx---4\asg4vistudio\raytracer\raytracer\color.cpp(17): warning C4244: 'argument': conversion from 'double' to 'float', possible loss of data
  Generating Code...
  RayTracer.vcxproj -> C:\UofC\CPSC453\GFX---4\asg4VisTudio\RayTracer\Debug\RayTracer.exe
  RayTracer.vcxproj -> C:\UofC\CPSC453\GFX---4\asg4VisTudio\RayTracer\Debug\RayTracer.pdb (Partial PDB)
